  MyProject.vcxproj -> E:\Cocos2d-x_project\AircraftWars\proj.win32\Debug.win32\MyProject.exe
  Performing Custom Build Step
  E:\Cocos2d-x_project\AircraftWars\Resources\res\node\hero\ani\HeroAni.csb -> E:\Cocos2d-x_project\AircraftWars\proj.win32\Debug.win32\res\node\hero\ani\HeroAni.csb
  E:\Cocos2d-x_project\AircraftWars\Resources\res\scenes\buyHero\layers\BuyHeroLayer.csb -> E:\Cocos2d-x_project\AircraftWars\proj.win32\Debug.win32\res\scenes\buyHero\layers\BuyHeroLayer.csb
  E:\Cocos2d-x_project\AircraftWars\Resources\res\scenes\buyHero\layers\HeroChoiceItem.csb -> E:\Cocos2d-x_project\AircraftWars\proj.win32\Debug.win32\res\scenes\buyHero\layers\HeroChoiceItem.csb
  E:\Cocos2d-x_project\AircraftWars\Resources\res\scenes\end\layers\EndLayer.csb -> E:\Cocos2d-x_project\AircraftWars\proj.win32\Debug.win32\res\scenes\end\layers\EndLayer.csb
  E:\Cocos2d-x_project\AircraftWars\Resources\res\scenes\game\layers\GameLayer.csb -> E:\Cocos2d-x_project\AircraftWars\proj.win32\Debug.win32\res\scenes\game\layers\GameLayer.csb
  E:\Cocos2d-x_project\AircraftWars\Resources\res\scenes\game\layers\PauseLayer.csb -> E:\Cocos2d-x_project\AircraftWars\proj.win32\Debug.win32\res\scenes\game\layers\PauseLayer.csb
  E:\Cocos2d-x_project\AircraftWars\Resources\res\scenes\selectMap\items\SelectMapItem.csb -> E:\Cocos2d-x_project\AircraftWars\proj.win32\Debug.win32\res\scenes\selectMap\items\SelectMapItem.csb
  E:\Cocos2d-x_project\AircraftWars\Resources\res\scenes\selectMap\layers\SelectMapLayer.csb -> E:\Cocos2d-x_project\AircraftWars\proj.win32\Debug.win32\res\scenes\selectMap\layers\SelectMapLayer.csb
  E:\Cocos2d-x_project\AircraftWars\Resources\res\scenes\start\ani\hero_1.csb -> E:\Cocos2d-x_project\AircraftWars\proj.win32\Debug.win32\res\scenes\start\ani\hero_1.csb
  E:\Cocos2d-x_project\AircraftWars\Resources\res\scenes\start\ani\plane_ani.csb -> E:\Cocos2d-x_project\AircraftWars\proj.win32\Debug.win32\res\scenes\start\ani\plane_ani.csb
  E:\Cocos2d-x_project\AircraftWars\Resources\res\scenes\start\ani\qbt_ani.csb -> E:\Cocos2d-x_project\AircraftWars\proj.win32\Debug.win32\res\scenes\start\ani\qbt_ani.csb
  E:\Cocos2d-x_project\AircraftWars\Resources\res\scenes\start\ani\StartGame.csb -> E:\Cocos2d-x_project\AircraftWars\proj.win32\Debug.win32\res\scenes\start\ani\StartGame.csb
  E:\Cocos2d-x_project\AircraftWars\Resources\res\scenes\start\item\ChoiceItem.csb -> E:\Cocos2d-x_project\AircraftWars\proj.win32\Debug.win32\res\scenes\start\item\ChoiceItem.csb
  E:\Cocos2d-x_project\AircraftWars\Resources\res\scenes\start\layers\choiceLayer.csb -> E:\Cocos2d-x_project\AircraftWars\proj.win32\Debug.win32\res\scenes\start\layers\choiceLayer.csb
  E:\Cocos2d-x_project\AircraftWars\Resources\res\scenes\start\layers\RankLayer.csb -> E:\Cocos2d-x_project\AircraftWars\proj.win32\Debug.win32\res\scenes\start\layers\RankLayer.csb
  E:\Cocos2d-x_project\AircraftWars\Resources\res\scenes\start\layers\SettingLayer.csb -> E:\Cocos2d-x_project\AircraftWars\proj.win32\Debug.win32\res\scenes\start\layers\SettingLayer.csb
  E:\Cocos2d-x_project\AircraftWars\Resources\res\scenes\start\layers\StartLayer.csb -> E:\Cocos2d-x_project\AircraftWars\proj.win32\Debug.win32\res\scenes\start\layers\StartLayer.csb
  E:\Cocos2d-x_project\AircraftWars\Resources\res\scenes\welcome\layers\WelcomeLayer.csb -> E:\Cocos2d-x_project\AircraftWars\proj.win32\Debug.win32\res\scenes\welcome\layers\WelcomeLayer.csb
  复制了 18 个文件
