e:\cocos2d-x_project\myproject\proj.win32\debug.win32\test.obj
e:\cocos2d-x_project\myproject\proj.win32\debug.win32\hero.obj
e:\cocos2d-x_project\myproject\proj.win32\debug.win32\appdelegate.obj
e:\cocos2d-x_project\myproject\proj.win32\debug.win32\bullet.obj
e:\cocos2d-x_project\myproject\proj.win32\debug.win32\bg.obj
e:\cocos2d-x_project\myproject\proj.win32\debug.win32\main.obj
e:\cocos2d-x_project\myproject\proj.win32\debug.win32\helloworldscene.obj
e:\cocos2d-x_project\myproject\proj.win32\debug.win32\vc141.pdb
e:\cocos2d-x_project\myproject\proj.win32\debug.win32\bulletmanager.obj
e:\cocos2d-x_project\myproject\proj.win32\debug.win32\enemy.obj
e:\cocos2d-x_project\myproject\proj.win32\debug.win32\enemymanager.obj
e:\cocos2d-x_project\myproject\proj.win32\debug.win32\vc141.idb
e:\cocos2d-x_project\aircraftwars\proj.win32\debug.win32\enemymanager.obj
e:\cocos2d-x_project\aircraftwars\proj.win32\debug.win32\appdelegate.obj
e:\cocos2d-x_project\aircraftwars\proj.win32\debug.win32\main.obj
e:\cocos2d-x_project\aircraftwars\proj.win32\debug.win32\bulletmanager.obj
e:\cocos2d-x_project\aircraftwars\proj.win32\debug.win32\bg.obj
e:\cocos2d-x_project\aircraftwars\proj.win32\debug.win32\hero.obj
e:\cocos2d-x_project\aircraftwars\proj.win32\debug.win32\helloworldscene.obj
e:\cocos2d-x_project\aircraftwars\proj.win32\debug.win32\enemy.obj
e:\cocos2d-x_project\aircraftwars\proj.win32\debug.win32\bullet.obj
e:\cocos2d-x_project\aircraftwars\proj.win32\debug.win32\vc141.pdb
e:\cocos2d-x_project\aircraftwars\proj.win32\debug.win32\gamesencemanager.obj
e:\cocos2d-x_project\aircraftwars\proj.win32\debug.win32\shownumbernode.obj
e:\cocos2d-x_project\aircraftwars\proj.win32\debug.win32\vc141.idb
e:\cocos2d-x_project\aircraftwars\proj.win32\debug.win32\numbersprite.obj
e:\cocos2d-x_project\aircraftwars\proj.win32\debug.win32\startsence.obj
e:\cocos2d-x_project\aircraftwars\proj.win32\debug.win32\porp.obj
e:\cocos2d-x_project\aircraftwars\proj.win32\debug.win32\porpmanager.obj
e:\cocos2d-x_project\myproject\proj.win32\debug.win32\myproject.exe
e:\cocos2d-x_project\myproject\proj.win32\debug.win32\myproject.ilk
e:\cocos2d-x_project\myproject\proj.win32\debug.win32\myproject.pdb
e:\cocos2d-x_project\aircraftwars\proj.win32\debug.win32\myproject.exe
e:\cocos2d-x_project\aircraftwars\proj.win32\debug.win32\myproject.ilk
e:\cocos2d-x_project\aircraftwars\proj.win32\debug.win32\myproject.pdb
e:\cocos2d-x_project\myproject\proj.win32\debug.win32\myproject.lib
e:\cocos2d-x_project\myproject\proj.win32\debug.win32\myproject.exp
e:\cocos2d-x_project\aircraftwars\proj.win32\debug.win32\myproject.lib
e:\cocos2d-x_project\aircraftwars\proj.win32\debug.win32\myproject.exp
e:\cocos2d-x_project\myproject\proj.win32\debug.win32\game.res
e:\cocos2d-x_project\aircraftwars\proj.win32\debug.win32\game.res
e:\cocos2d-x_project\aircraftwars\proj.win32\debug.win32\test.obj
e:\cocos2d-x_project\aircraftwars\proj.win32\debug.win32\libcocos2d.exp
e:\cocos2d-x_project\aircraftwars\proj.win32\debug.win32\libbox2d.pdb
e:\cocos2d-x_project\aircraftwars\proj.win32\debug.win32\libbullet.pdb
e:\cocos2d-x_project\aircraftwars\proj.win32\debug.win32\libcocos2d.pdb
e:\cocos2d-x_project\aircraftwars\proj.win32\debug.win32\librecast.pdb
e:\cocos2d-x_project\aircraftwars\proj.win32\debug.win32\libspine.pdb
e:\cocos2d-x_project\aircraftwars\proj.win32\debug.win32\myproject.tlog\cl.command.1.tlog
e:\cocos2d-x_project\aircraftwars\proj.win32\debug.win32\myproject.tlog\cl.read.1.tlog
e:\cocos2d-x_project\aircraftwars\proj.win32\debug.win32\myproject.tlog\cl.write.1.tlog
e:\cocos2d-x_project\aircraftwars\proj.win32\debug.win32\myproject.tlog\custombuildstep.read.1u.tlog
e:\cocos2d-x_project\aircraftwars\proj.win32\debug.win32\myproject.tlog\custombuildstep.write.1u.tlog
e:\cocos2d-x_project\aircraftwars\proj.win32\debug.win32\myproject.tlog\link.command.1.tlog
e:\cocos2d-x_project\aircraftwars\proj.win32\debug.win32\myproject.tlog\link.delete.1.tlog
e:\cocos2d-x_project\aircraftwars\proj.win32\debug.win32\myproject.tlog\link.read.1.tlog
e:\cocos2d-x_project\aircraftwars\proj.win32\debug.win32\myproject.tlog\link.write.1.tlog
e:\cocos2d-x_project\aircraftwars\proj.win32\debug.win32\myproject.tlog\myproject.write.1u.tlog
e:\cocos2d-x_project\aircraftwars\proj.win32\debug.win32\myproject.tlog\rc.command.1.tlog
e:\cocos2d-x_project\aircraftwars\proj.win32\debug.win32\myproject.tlog\rc.read.1.tlog
e:\cocos2d-x_project\aircraftwars\proj.win32\debug.win32\myproject.tlog\rc.write.1.tlog
